<?xml version="1.0" encoding="UTF-8"?>
<!-- Generated by org.testng.reporters.JUnitReportReporter -->
<testsuite hostname="Bhakti" failures="0" tests="1" name="TestNG.sampleTestNG_class" time="0.011" errors="0" timestamp="2024-09-26T15:18:24 GMT-04:00" skipped="0">
  <testcase classname="TestNG.sampleTestNG_class" name="titleTest" time="0.011"/>
</testsuite> <!-- TestNG.sampleTestNG_class -->
