<?xml version="1.0" encoding="UTF-8"?>
<!-- Generated by org.testng.reporters.JUnitReportReporter -->
<testsuite hostname="Bhakti" failures="0" tests="2" name="TestNG.TestAnnotations" time="0.003" errors="0" timestamp="2024-10-01T22:33:25 GMT-04:00" skipped="0">
  <testcase classname="TestNG.TestAnnotations" name="testmethod2" time="0.000"/>
  <system-out/>
  <testcase classname="TestNG.TestAnnotations" name="testmethod1" time="0.003"/>
  <system-out/>
</testsuite> <!-- TestNG.TestAnnotations -->
