<?xml version="1.0" encoding="UTF-8"?>
<!-- Generated by org.testng.reporters.JUnitReportReporter -->
<testsuite hostname="Bhakti" failures="0" tests="2" name="TestNG.TestAnnotations" time="0.010" errors="0" timestamp="2024-09-30T10:19:11 GMT-04:00" skipped="0">
  <testcase classname="TestNG.TestAnnotations" name="testmethod2" time="0.009"/>
  <testcase classname="TestNG.TestAnnotations" name="testmethod1" time="0.001"/>
</testsuite> <!-- TestNG.TestAnnotations -->
