<?xml version="1.0" encoding="UTF-8"?>
<!-- Generated by org.testng.reporters.JUnitReportReporter -->
<testsuite hostname="Bhakti" failures="0" tests="5" name="TestNG.SwagLabsTest" time="10.997" errors="0" timestamp="2024-10-09T10:37:35 GMT-04:00" skipped="0">
  <testcase classname="TestNG.SwagLabsTest" name="launch" time="2.593"/>
  <testcase classname="TestNG.SwagLabsTest" name="loginTest" time="6.246"/>
  <testcase classname="TestNG.SwagLabsTest" name="currentUrlTest" time="0.015"/>
  <testcase classname="TestNG.SwagLabsTest" name="titleTest" time="0.003"/>
  <testcase classname="TestNG.SwagLabsTest" name="LogoutTest" time="2.140"/>
</testsuite> <!-- TestNG.SwagLabsTest -->
