<?xml version="1.0" encoding="UTF-8"?>
<!-- Generated by org.testng.reporters.JUnitReportReporter -->
<testsuite hostname="Bhakti" failures="0" tests="4" name="TestNG.SwagLabsTest" time="6.905" errors="0" timestamp="2024-10-01T22:51:27 GMT-04:00" skipped="0">
  <testcase classname="TestNG.SwagLabsTest" name="launch" time="2.570"/>
  <system-out/>
  <testcase classname="TestNG.SwagLabsTest" name="loginTest" time="2.201"/>
  <system-out/>
  <testcase classname="TestNG.SwagLabsTest" name="currentUrlTest" time="0.011"/>
  <system-out/>
  <testcase classname="TestNG.SwagLabsTest" name="LogoutTest" time="2.123"/>
  <system-out/>
</testsuite> <!-- TestNG.SwagLabsTest -->
